<?xml version="1.0" encoding="UTF-8"?>
<!-- Generated by org.testng.reporters.JUnitXMLReporter -->
<testsuite ignored="0" hostname="DESKTOP-BFMJ2UG" failures="0" tests="4" name="Default test" time="11.898" errors="0" timestamp="2024-10-15T14:23:16 IST">
  <testcase classname="api.test.UserTestcase" name="validateCreateUser" time="4.603"/>
  <testcase classname="api.test.UserTestcase" name="validateGetUser" time="1.462"/>
  <testcase classname="api.test.UserTestcase" name="validateUpdateUser" time="3.057"/>
  <testcase classname="api.test.UserTestcase" name="validateDeleteUser" time="1.369"/>
</testsuite> <!-- Default test -->
