<?xml version="1.0" encoding="UTF-8"?>
<testsuite xmlns:xsi="http://www.w3.org/2001/XMLSchema-instance" xsi:noNamespaceSchemaLocation="https://maven.apache.org/surefire/maven-surefire-plugin/xsd/surefire-test-report.xsd" name="TestSuite" time="14.046" tests="4" errors="0" skipped="0" failures="0">
  <properties>
[...]
</properties>
  <testcase name="validateCreateUser" classname="api.test.UserTestcase" time="4.297"/>
  <testcase name="validateGetUser" classname="api.test.UserTestcase" time="1.575"/>
  <testcase name="validateUpdateUser" classname="api.test.UserTestcase" time="3.83"/>
  <testcase name="validateDeleteUser" classname="api.test.UserTestcase" time="1.556"/>
</testsuite>